<?xml version="1.0" encoding="UTF-8"?>
<!-- Generated by org.testng.reporters.JUnitReportReporter -->
<testsuite hostname="DESKTOP-33C0BU9" failures="0" tests="3" name="api.tests.user.Delete_API_Tests" time="7.352" errors="0" timestamp="2024-09-10T22:08:30 IST" skipped="0">
  <testcase classname="api.tests.user.Delete_API_Tests" name="DeleteTest1" time="2.401"/>
  <testcase classname="api.tests.user.Delete_API_Tests" name="DeleteTest2" time="2.497"/>
  <testcase classname="api.tests.user.Delete_API_Tests" name="DeleteTest3" time="2.454"/>
</testsuite> <!-- api.tests.user.Delete_API_Tests -->
