<?xml version="1.0" encoding="UTF-8"?>
<!-- Generated by org.testng.reporters.JUnitReportReporter -->
<testsuite hostname="DESKTOP-33C0BU9" failures="0" tests="27" name="api.test.datadriven.user.Delete_API_Tests" time="64.322" errors="0" timestamp="2024-09-11T14:27:40 IST" skipped="0">
  <testcase classname="api.test.datadriven.user.Delete_API_Tests" name="DeleteTest1" time="2.332"/>
  <testcase classname="api.test.datadriven.user.Delete_API_Tests" name="DeleteTest1" time="2.412"/>
  <testcase classname="api.test.datadriven.user.Delete_API_Tests" name="DeleteTest1" time="2.283"/>
  <testcase classname="api.test.datadriven.user.Delete_API_Tests" name="DeleteTest1" time="2.438"/>
  <testcase classname="api.test.datadriven.user.Delete_API_Tests" name="DeleteTest1" time="2.367"/>
  <testcase classname="api.test.datadriven.user.Delete_API_Tests" name="DeleteTest1" time="2.355"/>
  <testcase classname="api.test.datadriven.user.Delete_API_Tests" name="DeleteTest1" time="2.266"/>
  <testcase classname="api.test.datadriven.user.Delete_API_Tests" name="DeleteTest1" time="2.464"/>
  <testcase classname="api.test.datadriven.user.Delete_API_Tests" name="DeleteTest1" time="2.360"/>
  <testcase classname="api.test.datadriven.user.Delete_API_Tests" name="DeleteTest2" time="2.381"/>
  <testcase classname="api.test.datadriven.user.Delete_API_Tests" name="DeleteTest2" time="2.333"/>
  <testcase classname="api.test.datadriven.user.Delete_API_Tests" name="DeleteTest2" time="2.300"/>
  <testcase classname="api.test.datadriven.user.Delete_API_Tests" name="DeleteTest2" time="2.323"/>
  <testcase classname="api.test.datadriven.user.Delete_API_Tests" name="DeleteTest2" time="2.425"/>
  <testcase classname="api.test.datadriven.user.Delete_API_Tests" name="DeleteTest2" time="2.440"/>
  <testcase classname="api.test.datadriven.user.Delete_API_Tests" name="DeleteTest2" time="2.351"/>
  <testcase classname="api.test.datadriven.user.Delete_API_Tests" name="DeleteTest2" time="2.364"/>
  <testcase classname="api.test.datadriven.user.Delete_API_Tests" name="DeleteTest2" time="2.321"/>
  <testcase classname="api.test.datadriven.user.Delete_API_Tests" name="DeleteTest3" time="2.444"/>
  <testcase classname="api.test.datadriven.user.Delete_API_Tests" name="DeleteTest3" time="2.421"/>
  <testcase classname="api.test.datadriven.user.Delete_API_Tests" name="DeleteTest3" time="2.400"/>
  <testcase classname="api.test.datadriven.user.Delete_API_Tests" name="DeleteTest3" time="2.407"/>
  <testcase classname="api.test.datadriven.user.Delete_API_Tests" name="DeleteTest3" time="2.430"/>
  <testcase classname="api.test.datadriven.user.Delete_API_Tests" name="DeleteTest3" time="2.529"/>
  <testcase classname="api.test.datadriven.user.Delete_API_Tests" name="DeleteTest3" time="2.444"/>
  <testcase classname="api.test.datadriven.user.Delete_API_Tests" name="DeleteTest3" time="2.397"/>
  <testcase classname="api.test.datadriven.user.Delete_API_Tests" name="DeleteTest3" time="2.335"/>
</testsuite> <!-- api.test.datadriven.user.Delete_API_Tests -->
