<?xml version="1.0" encoding="UTF-8"?>
<!-- Generated by org.testng.reporters.JUnitReportReporter -->
<testsuite hostname="DESKTOP-33C0BU9" failures="0" tests="4" name="api.tests.user.Put_API_Tests" time="22.551" errors="0" timestamp="2024-09-10T22:08:30 IST" skipped="0">
  <testcase classname="api.tests.user.Put_API_Tests" name="PutTest1" time="5.019"/>
  <testcase classname="api.tests.user.Put_API_Tests" name="PutTest2" time="4.812"/>
  <testcase classname="api.tests.user.Put_API_Tests" name="PutTest3" time="5.085"/>
  <testcase classname="api.tests.user.Put_API_Tests" name="PutTest4" time="7.635"/>
</testsuite> <!-- api.tests.user.Put_API_Tests -->
