<?xml version="1.0" encoding="UTF-8"?>
<!-- Generated by org.testng.reporters.JUnitReportReporter -->
<testsuite hostname="DESKTOP-33C0BU9" failures="0" tests="27" name="api.test.datadriven.user.Get_API_Tests" time="65.183" errors="0" timestamp="2024-09-11T14:27:40 IST" skipped="0">
  <testcase classname="api.test.datadriven.user.Get_API_Tests" name="GetTest1" time="2.477"/>
  <testcase classname="api.test.datadriven.user.Get_API_Tests" name="GetTest1" time="2.398"/>
  <testcase classname="api.test.datadriven.user.Get_API_Tests" name="GetTest1" time="2.370"/>
  <testcase classname="api.test.datadriven.user.Get_API_Tests" name="GetTest1" time="2.430"/>
  <testcase classname="api.test.datadriven.user.Get_API_Tests" name="GetTest1" time="2.383"/>
  <testcase classname="api.test.datadriven.user.Get_API_Tests" name="GetTest1" time="2.570"/>
  <testcase classname="api.test.datadriven.user.Get_API_Tests" name="GetTest1" time="2.461"/>
  <testcase classname="api.test.datadriven.user.Get_API_Tests" name="GetTest1" time="2.397"/>
  <testcase classname="api.test.datadriven.user.Get_API_Tests" name="GetTest1" time="2.426"/>
  <testcase classname="api.test.datadriven.user.Get_API_Tests" name="GetTest2" time="2.325"/>
  <testcase classname="api.test.datadriven.user.Get_API_Tests" name="GetTest2" time="2.363"/>
  <testcase classname="api.test.datadriven.user.Get_API_Tests" name="GetTest2" time="2.411"/>
  <testcase classname="api.test.datadriven.user.Get_API_Tests" name="GetTest2" time="2.317"/>
  <testcase classname="api.test.datadriven.user.Get_API_Tests" name="GetTest2" time="2.421"/>
  <testcase classname="api.test.datadriven.user.Get_API_Tests" name="GetTest2" time="2.432"/>
  <testcase classname="api.test.datadriven.user.Get_API_Tests" name="GetTest2" time="2.353"/>
  <testcase classname="api.test.datadriven.user.Get_API_Tests" name="GetTest2" time="2.369"/>
  <testcase classname="api.test.datadriven.user.Get_API_Tests" name="GetTest2" time="2.395"/>
  <testcase classname="api.test.datadriven.user.Get_API_Tests" name="GetTest3" time="2.443"/>
  <testcase classname="api.test.datadriven.user.Get_API_Tests" name="GetTest3" time="2.480"/>
  <testcase classname="api.test.datadriven.user.Get_API_Tests" name="GetTest3" time="2.336"/>
  <testcase classname="api.test.datadriven.user.Get_API_Tests" name="GetTest3" time="2.478"/>
  <testcase classname="api.test.datadriven.user.Get_API_Tests" name="GetTest3" time="2.373"/>
  <testcase classname="api.test.datadriven.user.Get_API_Tests" name="GetTest3" time="2.475"/>
  <testcase classname="api.test.datadriven.user.Get_API_Tests" name="GetTest3" time="2.464"/>
  <testcase classname="api.test.datadriven.user.Get_API_Tests" name="GetTest3" time="2.429"/>
  <testcase classname="api.test.datadriven.user.Get_API_Tests" name="GetTest3" time="2.407"/>
</testsuite> <!-- api.test.datadriven.user.Get_API_Tests -->
