<?xml version="1.0" encoding="UTF-8"?>
<!-- Generated by org.testng.reporters.JUnitReportReporter -->
<testsuite hostname="DESKTOP-33C0BU9" failures="0" tests="3" name="api.tests.user.Get_API_Tests" time="8.772" errors="0" timestamp="2024-09-10T22:08:30 IST" skipped="0">
  <testcase classname="api.tests.user.Get_API_Tests" name="GetTest1" time="2.756"/>
  <testcase classname="api.tests.user.Get_API_Tests" name="GetTest2" time="2.635"/>
  <testcase classname="api.tests.user.Get_API_Tests" name="GetTest3" time="3.381"/>
</testsuite> <!-- api.tests.user.Get_API_Tests -->
