<?xml version="1.0" encoding="UTF-8"?>
<!-- Generated by org.testng.reporters.JUnitReportReporter -->
<testsuite hostname="DESKTOP-33C0BU9" failures="0" tests="36" name="api.test.datadriven.user.Put_API_Tests" time="236.436" errors="0" timestamp="2024-09-11T14:27:40 IST" skipped="0">
  <testcase classname="api.test.datadriven.user.Put_API_Tests" name="PutTest1" time="4.806"/>
  <testcase classname="api.test.datadriven.user.Put_API_Tests" name="PutTest1" time="4.867"/>
  <testcase classname="api.test.datadriven.user.Put_API_Tests" name="PutTest1" time="4.809"/>
  <testcase classname="api.test.datadriven.user.Put_API_Tests" name="PutTest1" time="25.846"/>
  <testcase classname="api.test.datadriven.user.Put_API_Tests" name="PutTest1" time="4.739"/>
  <testcase classname="api.test.datadriven.user.Put_API_Tests" name="PutTest1" time="4.957"/>
  <testcase classname="api.test.datadriven.user.Put_API_Tests" name="PutTest1" time="4.824"/>
  <testcase classname="api.test.datadriven.user.Put_API_Tests" name="PutTest1" time="4.863"/>
  <testcase classname="api.test.datadriven.user.Put_API_Tests" name="PutTest1" time="4.710"/>
  <testcase classname="api.test.datadriven.user.Put_API_Tests" name="PutTest2" time="4.792"/>
  <testcase classname="api.test.datadriven.user.Put_API_Tests" name="PutTest2" time="4.795"/>
  <testcase classname="api.test.datadriven.user.Put_API_Tests" name="PutTest2" time="4.704"/>
  <testcase classname="api.test.datadriven.user.Put_API_Tests" name="PutTest2" time="25.771"/>
  <testcase classname="api.test.datadriven.user.Put_API_Tests" name="PutTest2" time="4.796"/>
  <testcase classname="api.test.datadriven.user.Put_API_Tests" name="PutTest2" time="4.770"/>
  <testcase classname="api.test.datadriven.user.Put_API_Tests" name="PutTest2" time="4.731"/>
  <testcase classname="api.test.datadriven.user.Put_API_Tests" name="PutTest2" time="4.827"/>
  <testcase classname="api.test.datadriven.user.Put_API_Tests" name="PutTest2" time="4.715"/>
  <testcase classname="api.test.datadriven.user.Put_API_Tests" name="PutTest3" time="5.858"/>
  <testcase classname="api.test.datadriven.user.Put_API_Tests" name="PutTest3" time="4.640"/>
  <testcase classname="api.test.datadriven.user.Put_API_Tests" name="PutTest3" time="4.714"/>
  <testcase classname="api.test.datadriven.user.Put_API_Tests" name="PutTest3" time="4.817"/>
  <testcase classname="api.test.datadriven.user.Put_API_Tests" name="PutTest3" time="4.926"/>
  <testcase classname="api.test.datadriven.user.Put_API_Tests" name="PutTest3" time="4.812"/>
  <testcase classname="api.test.datadriven.user.Put_API_Tests" name="PutTest3" time="4.800"/>
  <testcase classname="api.test.datadriven.user.Put_API_Tests" name="PutTest3" time="4.599"/>
  <testcase classname="api.test.datadriven.user.Put_API_Tests" name="PutTest3" time="4.785"/>
  <testcase classname="api.test.datadriven.user.Put_API_Tests" name="PutTest4" time="7.182"/>
  <testcase classname="api.test.datadriven.user.Put_API_Tests" name="PutTest4" time="7.069"/>
  <testcase classname="api.test.datadriven.user.Put_API_Tests" name="PutTest4" time="7.174"/>
  <testcase classname="api.test.datadriven.user.Put_API_Tests" name="PutTest4" time="7.170"/>
  <testcase classname="api.test.datadriven.user.Put_API_Tests" name="PutTest4" time="7.236"/>
  <testcase classname="api.test.datadriven.user.Put_API_Tests" name="PutTest4" time="7.198"/>
  <testcase classname="api.test.datadriven.user.Put_API_Tests" name="PutTest4" time="6.992"/>
  <testcase classname="api.test.datadriven.user.Put_API_Tests" name="PutTest4" time="7.054"/>
  <testcase classname="api.test.datadriven.user.Put_API_Tests" name="PutTest4" time="7.088"/>
</testsuite> <!-- api.test.datadriven.user.Put_API_Tests -->
